<?xml version="1.0" encoding="UTF-8"?>
<testng-results skipped="0" failed="0" total="1" passed="1">
  <reporter-output>
  </reporter-output>
  <suite name="Default suite" duration-ms="9802" started-at="2020-12-17T12:28:37Z" finished-at="2020-12-17T12:28:47Z">
    <groups>
    </groups>
    <test name="Default test" duration-ms="9802" started-at="2020-12-17T12:28:37Z" finished-at="2020-12-17T12:28:47Z">
      <class name="com.patietProfileTestcase.PatientProfileTestcase15">
        <test-method status="PASS" signature="login1()[pri:0, instance:com.patietProfileTestcase.PatientProfileTestcase15@6767c1fc]" name="login1" is-config="true" duration-ms="16073" started-at="2020-12-17T17:58:21Z" finished-at="2020-12-17T17:58:37Z">
          <reporter-output>
          </reporter-output>
        </test-method> <!-- login1 -->
        <test-method status="PASS" signature="profile()[pri:0, instance:com.patietProfileTestcase.PatientProfileTestcase15@6767c1fc]" name="profile" duration-ms="9788" started-at="2020-12-17T17:58:37Z" finished-at="2020-12-17T17:58:47Z">
          <reporter-output>
          </reporter-output>
        </test-method> <!-- profile -->
        <test-method status="PASS" signature="Aftersuite()[pri:0, instance:com.patietProfileTestcase.PatientProfileTestcase15@6767c1fc]" name="Aftersuite" is-config="true" duration-ms="60" started-at="2020-12-17T17:58:47Z" finished-at="2020-12-17T17:58:47Z">
          <reporter-output>
          </reporter-output>
        </test-method> <!-- Aftersuite -->
      </class> <!-- com.patietProfileTestcase.PatientProfileTestcase15 -->
    </test> <!-- Default test -->
  </suite> <!-- Default suite -->
</testng-results>
